<?xml version="1.0" encoding="UTF-8"?>
<!-- Generated by org.testng.reporters.JUnitReportReporter -->
<testsuite name="testcases.LoginTestERP" tests="2" time="8.947" ignored="0" failures="0" timestamp="07 May 2020 18:18:19 GMT" skipped="0" hostname="MCS-PC" errors="0">
  <testcase name="loginapp" time="8.406" classname="testcases.LoginTestERP"/>
  <testcase name="loginapp1" time="0.541" classname="testcases.LoginTestERP"/>
</testsuite> <!-- testcases.LoginTestERP -->
