<?xml version="1.0" encoding="UTF-8"?>
<!-- Generated by org.testng.reporters.JUnitReportReporter -->
<testsuite name="testcases.Demo" tests="1" time="0.101" ignored="0" failures="0" timestamp="27 Apr 2020 06:30:41 GMT" skipped="0" hostname="MCS-PC" errors="0">
  <testcase name="f" time="0.101" classname="testcases.Demo"/>
</testsuite> <!-- testcases.Demo -->
