<?xml version="1.0" encoding="UTF-8"?>
<!-- Generated by org.testng.reporters.JUnitReportReporter -->
<testsuite name="testcases.casethree" tests="1" time="0.037" ignored="0" failures="0" timestamp="26 Apr 2020 17:33:23 GMT" skipped="0" hostname="MCS-PC" errors="0">
  <testcase name="f" time="0.037" classname="testcases.casethree"/>
</testsuite> <!-- testcases.casethree -->
