<?xml version="1.0" encoding="UTF-8"?>
<!-- Generated by org.testng.reporters.JUnitReportReporter -->
<testsuite name="testcases.casethree" tests="1" time="14.688" ignored="0" failures="0" timestamp="01 May 2020 10:25:49 GMT" skipped="0" hostname="MCS-PC" errors="0">
  <testcase name="f" time="14.688" classname="testcases.casethree"/>
</testsuite> <!-- testcases.casethree -->
